<?xml version="1.0" encoding="UTF-8"?>
<testng-results ignored="0" total="0" passed="0" failed="0" skipped="0">
  <reporter-output>
  </reporter-output>
  <suite started-at="2021-05-25T11:52:13 EDT" name="calculator.calcTest" finished-at="2021-05-25T11:52:13 EDT" duration-ms="5">
    <groups>
    </groups>
    <test started-at="2021-05-25T11:52:13 EDT" name="Command line test" finished-at="2021-05-25T11:52:13 EDT" duration-ms="5">
    </test> <!-- Command line test -->
  </suite> <!-- calculator.calcTest -->
</testng-results>
